<?xml version="1.0" encoding="UTF-8"?>
<!-- Generated by org.testng.reporters.JUnitReportReporter -->
<testsuite skipped="0" hostname="DESKTOP-2B2ECNA" name="JavaTest.FirstTest" tests="1" failures="0" timestamp="15 May 2020 19:45:02 GMT" time="25.709" errors="0">
  <testcase name="firstTest" time="25.709" classname="JavaTest.FirstTest"/>
</testsuite> <!-- JavaTest.FirstTest -->
